<?xml version="1.0" encoding="UTF-8"?>
<!-- Generated by org.testng.reporters.JUnitXMLReporter -->
<testsuite ignored="5" hostname="DESKTOP-LP0ER4S" failures="0" tests="1" name="Default test" time="0.525" errors="0" timestamp="02 Aug 2025 10:10:36 GMT">
  <testcase classname="automationexercise.testcases.HomePageTest" name="@BeforeMethod setUp" time="0.0">
    <failure type="org.testng.TestNGException" message="
Parameter &amp;apos;browser&amp;apos; is required by BeforeMethod on method setUp but has not been marked @Optional or defined
in C:\Users\ADMIN\AppData\Local\Temp\testng-eclipse--666595179\testng-customsuite.xml">
      <![CDATA[org.testng.TestNGException: 
Parameter 'browser' is required by BeforeMethod on method setUp but has not been marked @Optional or defined
in C:\Users\ADMIN\AppData\Local\Temp\testng-eclipse--666595179\testng-customsuite.xml
at org.testng.internal.Parameters.createParams(Parameters.java:290)
at org.testng.internal.Parameters.createParametersForMethod(Parameters.java:359)
at org.testng.internal.Parameters.createParameters(Parameters.java:620)
at org.testng.internal.Parameters.createConfigurationParameters(Parameters.java:190)
at org.testng.internal.Invoker.invokeConfigurations(Invoker.java:209)
at org.testng.internal.Invoker.invokeMethod(Invoker.java:523)
at org.testng.internal.Invoker.invokeTestMethod(Invoker.java:719)
at org.testng.internal.Invoker.invokeTestMethods(Invoker.java:989)
at org.testng.internal.TestMethodWorker.invokeTestMethods(TestMethodWorker.java:125)
at org.testng.internal.TestMethodWorker.run(TestMethodWorker.java:109)
at org.testng.TestRunner.privateRun(TestRunner.java:648)
at org.testng.TestRunner.run(TestRunner.java:505)
at org.testng.SuiteRunner.runTest(SuiteRunner.java:455)
at org.testng.SuiteRunner.runSequentially(SuiteRunner.java:450)
at org.testng.SuiteRunner.privateRun(SuiteRunner.java:415)
at org.testng.SuiteRunner.run(SuiteRunner.java:364)
at org.testng.SuiteRunnerWorker.runSuite(SuiteRunnerWorker.java:52)
at org.testng.SuiteRunnerWorker.run(SuiteRunnerWorker.java:84)
at org.testng.TestNG.runSuitesSequentially(TestNG.java:1208)
at org.testng.TestNG.runSuitesLocally(TestNG.java:1137)
at org.testng.TestNG.runSuites(TestNG.java:1049)
at org.testng.TestNG.run(TestNG.java:1017)
at org.testng.remote.AbstractRemoteTestNG.run(AbstractRemoteTestNG.java:115)
at org.testng.remote.RemoteTestNG.initAndRun(RemoteTestNG.java:293)
at org.testng.remote.RemoteTestNG.main(RemoteTestNG.java:91)
]]>
    </failure>
  </testcase> <!-- @BeforeMethod setUp -->
  <testcase classname="automationexercise.testcases.HomePageTest" name="@AfterMethod tearDown" time="0.0">
    <skipped/>
  </testcase> <!-- @AfterMethod tearDown -->
  <testcase classname="automationexercise.testcases.HomePageTest" name="verifySubscriptionInhomePage" time="0.0">
    <skipped/>
  </testcase> <!-- verifySubscriptionInhomePage -->
  <testcase classname="automationexercise.testcases.HomePageTest" name="registerUserTest" time="0.0">
    <ignored/>
  </testcase> <!-- registerUserTest -->
  <testcase classname="automationexercise.testcases.HomePageTest" name="logoutUser" time="0.0">
    <ignored/>
  </testcase> <!-- logoutUser -->
  <testcase classname="automationexercise.testcases.HomePageTest" name="loginUserWithCorrectEmailAndPassword" time="0.0">
    <ignored/>
  </testcase> <!-- loginUserWithCorrectEmailAndPassword -->
  <testcase classname="automationexercise.testcases.HomePageTest" name="registerUserwithExistingEmail" time="0.0">
    <ignored/>
  </testcase> <!-- registerUserwithExistingEmail -->
  <testcase classname="automationexercise.testcases.HomePageTest" name="loginUserWithInCorrectEmailAndPassword" time="0.0">
    <ignored/>
  </testcase> <!-- loginUserWithInCorrectEmailAndPassword -->
</testsuite> <!-- Default test -->
